[2025-10-05 19:04:44] INFO __main__ - Logging self-test OK.
[2025-10-05 19:07:12] INFO __main__ - Applying patches for run_id=2d13c4c321704761b584fc4e01cc90c8
[2025-10-05 19:09:13] ERROR companion.patch_registry - Failed to import patcher companion.patchers.example_patch: unexpected character after line continuation character (example_patch.py, line 2)
[2025-10-05 19:09:14] WARNING companion.patch_registry - No patchers found in C:\Users\Gladiator\trading-lab\companion\patchers
[2025-10-05 19:11:01] INFO companion.patch_registry - Registered patcher: ohlc_patch
[2025-10-05 19:11:01] INFO companion.patch_registry - Registered patcher: timestamp_patch
[2025-10-05 19:11:18] INFO __main__ - Applying patches for run_id=2d13c4c321704761b584fc4e01cc90c8
[2025-10-05 19:11:18] INFO companion.ai_loop.patch_apply - Loading MLflow run 2d13c4c321704761b584fc4e01cc90c8
[2025-10-05 19:11:18] INFO companion.ai_loop.patch_apply - Run status=FAILED, tags=10
[2025-10-05 19:11:18] INFO companion.patch_registry - Registered patcher: ohlc_patch
[2025-10-05 19:11:18] INFO companion.patch_registry - Registered patcher: timestamp_patch
[2025-10-05 19:11:18] INFO companion.ai_loop.patch_apply - [dry-run] Would apply patch: ohlc_patch
[2025-10-05 19:11:18] INFO companion.ai_loop.patch_apply - [dry-run] Would apply patch: timestamp_patch
[2025-10-05 19:11:29] INFO __main__ - Applying patches for run_id=2d13c4c321704761b584fc4e01cc90c8
[2025-10-05 19:11:29] INFO companion.ai_loop.patch_apply - Loading MLflow run 2d13c4c321704761b584fc4e01cc90c8
[2025-10-05 19:11:29] INFO companion.ai_loop.patch_apply - Run status=FAILED, tags=10
[2025-10-05 19:11:29] INFO companion.patch_registry - Registered patcher: ohlc_patch
[2025-10-05 19:11:29] INFO companion.patch_registry - Registered patcher: timestamp_patch
[2025-10-05 19:11:29] INFO companion.ai_loop.patch_apply - Applying patch: ohlc_patch
[2025-10-05 19:11:29] INFO companion.patchers.ohlc_patch - ohlc_patch applied for run_id=2d13c4c321704761b584fc4e01cc90c8 at artifacts\_quarantine\2d13c4c321704761b584fc4e01cc90c8
[2025-10-05 19:11:29] INFO companion.ai_loop.patch_apply - Applying patch: timestamp_patch
[2025-10-05 19:11:29] INFO companion.patchers.timestamp_patch - timestamp_patch applied for run_id=2d13c4c321704761b584fc4e01cc90c8 at artifacts\_quarantine\2d13c4c321704761b584fc4e01cc90c8
[2025-10-05 19:14:19] INFO companion.ai_loop.queue - Queued run_id=2d13c4c321704761b584fc4e01cc90c8 priority=failed_first
[2025-10-05 19:14:19] INFO companion.ai_loop.queue - Dequeued run_id=2d13c4c321704761b584fc4e01cc90c8 priority=failed_first
[2025-10-05 19:14:19] INFO companion.ai_loop.queue - Queued run_id=2d13c4c321704761b584fc4e01cc90c8 priority=failed_first
[2025-10-05 19:27:22] INFO __main__ - Applying patches for run_id=2d13c4c321704761b584fc4e01cc90c8
[2025-10-05 19:27:22] INFO companion.ai_loop.patch_apply - Loading MLflow run 2d13c4c321704761b584fc4e01cc90c8
[2025-10-05 19:27:22] INFO companion.ai_loop.patch_apply - Run status=FAILED, tags=10
[2025-10-05 19:27:22] INFO companion.patch_registry - Registered patcher: ohlc_patch
[2025-10-05 19:27:22] INFO companion.patch_registry - Registered patcher: timestamp_patch
[2025-10-05 19:27:22] INFO companion.ai_loop.patch_apply - Applying patch: ohlc_patch
[2025-10-05 19:27:22] INFO companion.patchers.ohlc_patch - ohlc_patch applied for run_id=2d13c4c321704761b584fc4e01cc90c8 at artifacts\_quarantine\2d13c4c321704761b584fc4e01cc90c8
[2025-10-05 19:27:22] INFO companion.ai_loop.patch_apply - Applying patch: timestamp_patch
[2025-10-05 19:27:22] INFO companion.patchers.timestamp_patch - timestamp_patch applied for run_id=2d13c4c321704761b584fc4e01cc90c8 at artifacts\_quarantine\2d13c4c321704761b584fc4e01cc90c8
[2025-10-05 19:27:22] INFO companion.ai_loop.queue - Queue already contains run_id=2d13c4c321704761b584fc4e01cc90c8 priority=failed_first
[2025-10-05 19:27:22] INFO __main__ - Auto-enqueued run_id=2d13c4c321704761b584fc4e01cc90c8 after patch
[2025-10-05 19:41:49] INFO companion.patch_registry - Registered patcher: ohlc_patch
[2025-10-05 19:41:49] INFO companion.patch_registry - Registered patcher: timestamp_patch
[2025-10-05 19:41:49] INFO companion.patchers.ohlc_patch - ohlc_patch applied for run_id=test at artifacts\_quarantine
[2025-10-05 19:41:49] INFO companion.patch_registry - apply_all_patches: applied ohlc_patch
[2025-10-05 19:41:49] INFO companion.patchers.timestamp_patch - timestamp_patch applied for run_id=test at artifacts\_quarantine
[2025-10-05 19:41:49] INFO companion.patch_registry - apply_all_patches: applied timestamp_patch
[2025-10-05 19:41:54] INFO companion.patch_registry - Registered patcher: ohlc_patch
[2025-10-05 19:41:54] INFO companion.patch_registry - Registered patcher: timestamp_patch
[2025-10-05 19:41:54] INFO companion.patchers.ohlc_patch - ohlc_patch applied for run_id=test at artifacts\_quarantine
[2025-10-05 19:41:54] INFO companion.patch_registry - apply_all_patches: applied ohlc_patch
[2025-10-05 19:41:54] INFO companion.patchers.timestamp_patch - timestamp_patch applied for run_id=test at artifacts\_quarantine
[2025-10-05 19:41:54] INFO companion.patch_registry - apply_all_patches: applied timestamp_patch
[2025-10-05 21:10:08] INFO companion.patch_registry - Registered patcher: ohlc_patch
[2025-10-05 21:10:08] INFO companion.patch_registry - Registered patcher: timestamp_patch
[2025-10-05 21:10:08] ERROR companion.patch_registry - apply_all_patches: ohlc_patch failed -> The truth value of a DataFrame is ambiguous. Use a.empty, a.bool(), a.item(), a.any() or a.all().
[2025-10-05 21:10:08] ERROR companion.patch_registry - apply_all_patches: timestamp_patch failed -> The truth value of a DataFrame is ambiguous. Use a.empty, a.bool(), a.item(), a.any() or a.all().
[2025-10-05 21:10:08] INFO companion.patch_registry - Registered patcher: ohlc_patch
[2025-10-05 21:10:08] INFO companion.patch_registry - Registered patcher: timestamp_patch
[2025-10-05 21:10:08] ERROR companion.patch_registry - apply_all_patches: ohlc_patch failed -> The truth value of a DataFrame is ambiguous. Use a.empty, a.bool(), a.item(), a.any() or a.all().
[2025-10-05 21:10:08] ERROR companion.patch_registry - apply_all_patches: timestamp_patch failed -> The truth value of a DataFrame is ambiguous. Use a.empty, a.bool(), a.item(), a.any() or a.all().
[2025-10-06 08:14:21] INFO companion.explorer.overlap - Overlap pruning complete. Kept=2, Pruned=1, Artifacts=C:\Users\Gladiator\AppData\Local\Temp\pytest-of-Gladiator\pytest-33\test_prune_overlap_basic0\overlap_artifacts\2025-10-06T121421
[2025-10-06 08:18:09] INFO companion.explorer.overlap - Overlap pruning complete. Kept=2, Pruned=1, Artifacts=artifacts\overlap\2025-10-06T121809
[2025-10-06 08:18:09] INFO companion.explorer.refresh_master - Master list refreshed with overlap pruning: kept=2, pruned=1
[2025-10-06 08:32:42] INFO companion.explorer.overlap - Overlap pruning complete. Kept=2, Pruned=1, Artifacts=C:\Users\Gladiator\AppData\Local\Temp\pytest-of-Gladiator\pytest-34\test_prune_overlap_basic0\overlap_artifacts\2025-10-06T123242
[2025-10-06 08:37:17] INFO companion.explorer.overlap - Overlap pruning complete. Kept=2, Pruned=1, Artifacts=artifacts\overlap\2025-10-06T123716
[2025-10-06 08:37:17] INFO companion.explorer.refresh_master - Master list refreshed with overlap pruning: kept=2, pruned=1
[2025-10-06 08:51:15] INFO companion.explorer.overlap - Overlap pruning complete. Kept=2, Pruned=1, Artifacts=C:\Users\Gladiator\AppData\Local\Temp\pytest-of-Gladiator\pytest-35\test_prune_overlap_basic0\overlap_artifacts\2025-10-06T125115
[2025-10-06 09:02:19] INFO companion.ai_loop.monitor - Enqueued patch job: r1
[2025-10-06 09:02:19] INFO companion.ai_loop.monitor - Monitor classification complete: {'count_scanned': 1, 'count_classified': 1, 'outdir': 'C:\\Users\\Gladiator\\AppData\\Local\\Temp\\pytest-of-Gladiator\\pytest-36\\test_scan_and_classify_creates0\\2025-10-06T130219'}
[2025-10-06 09:04:48] INFO companion.ai_loop.monitor - Enqueued patch job: r1
[2025-10-06 09:04:48] INFO companion.ai_loop.monitor - Monitor classification complete: {'count_scanned': 1, 'count_classified': 1, 'outdir': 'C:\\Users\\Gladiator\\AppData\\Local\\Temp\\pytest-of-Gladiator\\pytest-37\\test_scan_and_classify_creates0\\2025-10-06T130448'}
[2025-10-06 09:06:17] INFO companion.ai_loop.monitor - Enqueued patch job: r1
[2025-10-06 09:06:17] INFO companion.ai_loop.monitor - Monitor classification complete: {'count_scanned': 1, 'count_classified': 1, 'outdir': 'C:\\Users\\Gladiator\\AppData\\Local\\Temp\\pytest-of-Gladiator\\pytest-38\\test_scan_and_classify_creates0\\2025-10-06T130617'}
[2025-10-06 09:21:05] INFO companion.ml.auto_tuner - Adaptive tuner complete. r2=0.0999, artifacts=artifacts\auto_tuner\2025-10-06T132104
[2025-10-06 09:21:08] INFO companion.ml.auto_tuner - Adaptive tuner complete. r2=0.0999, artifacts=artifacts\auto_tuner\2025-10-06T132107
[2025-10-06 11:18:58] INFO companion.ml.auto_tuner - Adaptive tuner complete. r2=0.0999, artifacts=artifacts\auto_tuner\2025-10-06T151857
[2025-10-06 11:18:59] INFO companion.ai_loop.monitor - Enqueued patch job: r1
[2025-10-06 11:18:59] INFO companion.ai_loop.monitor - Monitor classification complete: {'count_scanned': 1, 'count_classified': 1, 'outdir': 'C:\\Users\\Gladiator\\AppData\\Local\\Temp\\pytest-of-Gladiator\\pytest-40\\test_scan_and_classify_creates0\\2025-10-06T151859'}
[2025-10-06 11:33:46] INFO companion.ml.auto_tuner - Adaptive tuner complete. r2=0.0999, artifacts=artifacts\auto_tuner\2025-10-06T153346
[2025-10-06 12:40:10] INFO companion.ml.auto_tuner - Adaptive tuner complete. r2=0.0999, artifacts=artifacts\auto_tuner\2025-10-06T164009
[2025-10-06 12:46:41] INFO companion.ml.auto_tuner - Adaptive tuner complete. r2=0.0999, artifacts=artifacts\auto_tuner\2025-10-06T164640
[2025-10-06 13:04:29] INFO companion.ml.auto_tuner - Adaptive tuner complete. r2=0.0999, artifacts=artifacts\auto_tuner\2025-10-06T170428
[2025-10-06 13:19:54] INFO companion.ml.auto_tuner - Adaptive tuner complete. r2=0.0999, artifacts=artifacts\auto_tuner\2025-10-06T171953
[2025-10-06 13:37:29] INFO companion.ml.auto_tuner - Adaptive tuner complete. r2=0.0999, artifacts=artifacts\auto_tuner\2025-10-06T173728
[2025-10-06 13:39:37] INFO companion.ml.auto_tuner - Adaptive tuner complete. r2=0.0999, artifacts=artifacts\auto_tuner\2025-10-06T173937
[2025-10-06 13:42:32] INFO companion.ml.auto_tuner - Adaptive tuner complete. r2=0.0999, artifacts=artifacts\auto_tuner\2025-10-06T174231
[2025-10-06 13:45:31] INFO companion.ml.auto_tuner - Adaptive tuner complete. r2=0.0999, artifacts=artifacts\auto_tuner\2025-10-06T174531
[2025-10-06 13:53:26] INFO companion.ml.auto_tuner - Adaptive tuner complete. r2=0.0999, artifacts=artifacts\auto_tuner\2025-10-06T175325
[2025-10-06 14:17:48] INFO companion.ml.auto_tuner - Adaptive tuner complete. r2=0.0999, artifacts=artifacts\auto_tuner\2025-10-06T181748
[2025-10-06 14:23:11] INFO companion.ml.auto_tuner - Adaptive tuner complete. r2=0.0999, artifacts=artifacts\auto_tuner\2025-10-06T182310
[2025-10-06 14:26:32] INFO companion.ml.auto_tuner - Adaptive tuner complete. r2=0.0999, artifacts=artifacts\auto_tuner\2025-10-06T182631
[2025-10-06 14:29:49] INFO companion.ml.auto_tuner - Adaptive tuner complete. r2=0.0999, artifacts=artifacts\auto_tuner\2025-10-06T182948
[2025-10-06 14:31:34] INFO companion.ml.auto_tuner - Adaptive tuner complete. r2=0.0999, artifacts=artifacts\auto_tuner\2025-10-06T183133
[2025-10-06 14:31:51] INFO companion.ml.auto_tuner - Adaptive tuner complete. r2=0.0999, artifacts=artifacts\auto_tuner\2025-10-06T183150
[2025-10-06 14:39:09] INFO companion.ml.auto_tuner - Adaptive tuner complete. r2=0.0999, artifacts=artifacts\auto_tuner\2025-10-06T183908
[2025-10-06 14:42:48] INFO companion.ml.auto_tuner - Adaptive tuner complete. r2=0.0999, artifacts=artifacts\auto_tuner\2025-10-06T184247
[2025-10-06 14:46:38] INFO companion.ml.auto_tuner - Adaptive tuner complete. r2=0.0999, artifacts=artifacts\auto_tuner\2025-10-06T184638
[2025-10-06 14:51:18] INFO companion.ml.auto_tuner - Adaptive tuner complete. r2=0.0999, artifacts=artifacts\auto_tuner\2025-10-06T185117
[2025-10-06 15:01:45] INFO companion.ml.auto_tuner - Adaptive tuner complete. r2=0.0999, artifacts=artifacts\auto_tuner\2025-10-06T190144
[2025-10-06 15:04:59] INFO companion.ml.auto_tuner - Adaptive tuner complete. r2=0.0999, artifacts=artifacts\auto_tuner\2025-10-06T190458
[2025-10-06 19:17:47] INFO companion.ml.auto_tuner - Adaptive tuner complete. r2=0.0999, artifacts=artifacts\auto_tuner\2025-10-06T191747
[2025-10-06 19:18:45] INFO companion.ml.auto_tuner - Adaptive tuner complete. r2=0.0999, artifacts=artifacts\auto_tuner\2025-10-06T191845
[2025-10-06 19:19:58] INFO companion.ml.auto_tuner - Adaptive tuner complete. r2=0.0999, artifacts=artifacts\auto_tuner\2025-10-06T191957
[2025-10-06 19:22:26] INFO companion.ml.auto_tuner - Adaptive tuner complete. r2=0.0999, artifacts=artifacts\auto_tuner\2025-10-06T192225
[2025-10-06 19:24:34] INFO companion.ml.auto_tuner - Adaptive tuner complete. r2=0.0999, artifacts=artifacts\auto_tuner\2025-10-06T192433
